<?xml version="1.0" encoding="UTF-8"?>
<!-- Generated by org.testng.reporters.JUnitReportReporter -->
<testsuite skipped="0" hostname="Fargabs-MacBook-Pro.local" name="sample.AppiumWithWebView" tests="1" failures="0" timestamp="2023-01-02T09:40:27 EST" time="11.083" errors="0">
  <testcase name="test" time="11.083" classname="sample.AppiumWithWebView"/>
  <system-out/>
</testsuite> <!-- sample.AppiumWithWebView -->
