<?xml version="1.0" encoding="UTF-8"?>
<!-- Generated by org.testng.reporters.JUnitReportReporter -->
<testsuite skipped="1" hostname="Fargabs-MacBook-Pro.local" name="sample.AppiumInstalledAppTest" tests="2" failures="0" timestamp="2023-01-03T22:35:54 EST" time="4.217" errors="0">
  <testcase name="dynamicSumTotal" time="4.217" classname="sample.AppiumInstalledAppTest"/>
  <system-out/>
  <testcase name="installed_calculator_Test" classname="sample.AppiumInstalledAppTest">
    <skipped/>
  </testcase> <!-- installed_calculator_Test -->
  <system-out/>
</testsuite> <!-- sample.AppiumInstalledAppTest -->
