<?xml version="1.0" encoding="UTF-8"?>
<!-- Generated by org.testng.reporters.JUnitReportReporter -->
<testsuite skipped="0" hostname="Fargabs-MacBook-Pro.local" name="sample.Appium_with_InstallationFile" tests="1" failures="0" timestamp="2023-01-03T22:35:00 EST" time="2.936" errors="0">
  <testcase name="Test" time="2.936" classname="sample.Appium_with_InstallationFile"/>
  <system-out/>
</testsuite> <!-- sample.Appium_with_InstallationFile -->
