<?xml version="1.0" encoding="UTF-8"?>
<!-- Generated by org.testng.reporters.JUnitReportReporter -->
<testsuite skipped="0" hostname="Fargabs-MacBook-Pro.local" name="ecmmerce.InstallationFile_Test" tests="1" failures="0" timestamp="2023-01-06T21:19:20 EST" time="11.986" errors="0">
  <testcase name="test" time="11.986" classname="ecmmerce.InstallationFile_Test"/>
  <system-out/>
</testsuite> <!-- ecmmerce.InstallationFile_Test -->
