<?xml version="1.0" encoding="UTF-8"?>
<!-- Generated by org.testng.reporters.JUnitReportReporter -->
<testsuite skipped="0" hostname="Fargabs-MacBook-Pro.local" name="installationApp.InstallationApp_Test" tests="1" failures="0" timestamp="2023-01-06T21:18:05 EST" time="15.954" errors="0">
  <testcase name="test" time="15.954" classname="installationApp.InstallationApp_Test"/>
  <system-out/>
</testsuite> <!-- installationApp.InstallationApp_Test -->
